<?xml version="1.0" encoding="UTF-8"?>
<!-- Generated by org.testng.reporters.JUnitReportReporter -->
<testsuite name="Case.Login" tests="2" time="21.209" ignored="1" failures="0" timestamp="22 十一月 2017 09:10:57 GMT" skipped="0" hostname="BAOJU-20150605W" errors="0">
  <testcase name="login" time="1.374" classname="Case.Login"/>
  <testcase name="buyNow" time="19.835" classname="Case.Login"/>
  <testcase name="TestAddCart" classname="Case.Login">
    <skipped/>
  </testcase> <!-- TestAddCart -->
</testsuite> <!-- Case.Login -->
