<?xml version="1.0" encoding="UTF-8"?>
<!-- Generated by org.testng.reporters.JUnitReportReporter -->
<testsuite name="Advanced.button" tests="1" time="7.036" ignored="0" failures="0" timestamp="16 十一月 2017 07:48:31 GMT" skipped="0" hostname="BAOJU-20150605W" errors="0">
  <testcase name="radio" time="7.036" classname="Advanced.button"/>
</testsuite> <!-- Advanced.button -->
